2024-02-06 21:38:21,901 - DEBUG - ################  Start of the program at - 2024-02-06 21:38:21.901052 ############################
2024-02-06 21:38:26,918 - INFO -  active window of user - Screen Shot
2024-02-06 21:38:27,736 - INFO - screen shot 1 taken
2024-02-06 21:38:31,917 - INFO -  active window of user - Screen Shot
2024-02-06 21:38:32,845 - INFO - screen shot 2 taken
2024-02-06 21:38:36,930 - INFO -  active window of user - demo_ss4.log - Testing_wxpython - Visual Studio Code
2024-02-06 21:38:37,991 - INFO - screen shot 3 taken
2024-02-06 21:38:41,953 - INFO -  active window of user - demo_ss4.log - Testing_wxpython - Visual Studio Code
2024-02-06 21:38:42,919 - INFO - screen shot 4 taken
2024-02-06 21:38:46,953 - INFO -  active window of user - demo_ss4.log - Testing_wxpython - Visual Studio Code
2024-02-06 21:38:47,776 - INFO - screen shot 5 taken
2024-02-06 21:38:51,952 - INFO -  active window of user - ss4_logFunctionality.py - Testing_wxpython - Visual Studio Code
2024-02-06 21:38:52,996 - INFO - screen shot 6 taken
2024-02-06 21:45:21,144 - DEBUG - ################  Start of the program at - 2024-02-06 21:45:21.144631 ############################
2024-02-06 21:45:26,201 - INFO -  active window of user - ss4_logFunctionality.py - Testing_wxpython - Visual Studio Code
2024-02-06 21:45:27,028 - INFO - screen shot 1 taken
2024-02-06 21:45:31,218 - INFO -  active window of user - PyGetWindow — PyGetWindow documentation - Google Chrome
2024-02-06 21:45:32,176 - INFO - screen shot 2 taken
2024-02-06 21:45:36,216 - INFO -  active window of user - PyGetWindow — PyGetWindow documentation - Google Chrome
2024-02-06 21:45:37,212 - INFO - screen shot 3 taken
2024-02-07 10:19:44,520 - DEBUG - ################  Start of the program at - 2024-02-07 10:19:44.517871 ############################
2024-02-07 10:19:49,563 - INFO -  active window of user - demo_ss4.log - Testing_wxpython - Visual Studio Code
2024-02-07 10:19:50,278 - INFO - screen shot 1 taken
2024-02-07 10:19:54,535 - INFO -  active window of user - demo_ss4.log - Testing_wxpython - Visual Studio Code
2024-02-07 10:19:55,133 - INFO - screen shot 2 taken
2024-02-07 10:21:55,157 - DEBUG - ################  Start of the program at - 2024-02-07 10:21:55.157741 ############################
2024-02-07 10:22:00,181 - INFO -  active window of user - ss4_logFunctionality.py - Testing_wxpython - Visual Studio Code
2024-02-07 10:22:00,784 - INFO - screen shot 1 taken
2024-02-13 18:16:43,986 - DEBUG - ################  Start of the program at - 2024-02-13 18:16:43.986601 ############################
2024-02-13 18:16:49,301 - INFO -  active window of user - ss4_logFunctionality.py - Testing_wxpython - Visual Studio Code
2024-02-13 18:16:50,744 - INFO - screen shot 1 taken
2024-02-13 18:16:54,303 - INFO -  active window of user - ss4_logFunctionality.py - Testing_wxpython - Visual Studio Code
2024-02-13 18:16:55,466 - INFO - screen shot 2 taken
2024-02-13 18:16:59,333 - INFO -  active window of user - ss4_logFunctionality.py - Testing_wxpython - Visual Studio Code
2024-02-13 18:17:00,679 - INFO - screen shot 3 taken
2024-02-13 18:17:04,343 - INFO -  active window of user - Screen Shot
2024-02-13 18:17:05,217 - INFO - screen shot 4 taken
2024-02-13 18:17:09,344 - INFO -  active window of user - Screen Shot
2024-02-13 18:17:10,216 - INFO - screen shot 5 taken
2024-02-13 18:17:14,366 - INFO -  active window of user - Screen Shot
2024-02-13 18:17:15,390 - INFO - screen shot 6 taken
2024-02-13 18:17:19,352 - INFO -  active window of user - Screen Shot
2024-02-13 18:17:20,222 - INFO - screen shot 7 taken
2024-02-13 18:17:24,374 - INFO -  active window of user - Screen Shot
2024-02-13 18:17:25,455 - INFO - screen shot 8 taken
2024-02-13 18:17:29,384 - INFO -  active window of user - Screen Shot
2024-02-13 18:17:30,501 - INFO - screen shot 9 taken
2024-02-13 18:53:44,763 - DEBUG - ################  Start of the program at - 2024-02-13 18:53:44.763877 ############################
2024-02-13 18:53:49,805 - INFO -  active window of user - Screen Shot
2024-02-13 18:53:51,521 - INFO - screen shot 1 taken
2024-02-13 18:53:54,805 - INFO -  active window of user - demo_ss4.log - Testing_wxpython - Visual Studio Code
2024-02-13 18:53:56,209 - INFO - screen shot 2 taken
2024-02-13 18:53:59,824 - INFO -  active window of user - test1.py - Testing_wxpython - Visual Studio Code
2024-02-13 18:54:01,267 - INFO - screen shot 3 taken
2024-02-13 18:54:07,008 - INFO - screen shot 4 taken
2024-02-13 18:54:09,802 - INFO -  active window of user - None
2024-02-13 18:54:11,684 - INFO - screen shot 5 taken
2024-02-13 18:54:14,802 - INFO -  active window of user - demo_ss4.log - Testing_wxpython - Visual Studio Code
2024-02-13 18:54:16,286 - INFO - screen shot 6 taken
2024-02-13 18:54:19,813 - INFO -  active window of user - demo_ss4.log - Testing_wxpython - Visual Studio Code
2024-02-13 18:54:21,180 - INFO - screen shot 7 taken
2024-02-13 18:54:26,694 - INFO - screen shot 8 taken
2024-02-13 18:54:31,639 - INFO - screen shot 9 taken
2024-02-13 18:54:34,829 - INFO -  active window of user - demo_ss4.log - Testing_wxpython - Visual Studio Code
2024-02-13 18:54:36,217 - INFO - screen shot 10 taken
2024-02-13 18:54:39,824 - INFO -  active window of user - demo_ss4.log - Testing_wxpython - Visual Studio Code
2024-02-13 18:54:41,101 - INFO - screen shot 11 taken
2024-02-13 19:08:34,422 - DEBUG - ################  Start of the program at - 2024-02-13 19:08:34.422102 ############################
2024-02-13 19:08:39,485 - INFO -  active window of user - Tag Someone on LinkedIn. - Google Chrome
2024-02-13 19:08:40,381 - INFO - screen shot 1 taken
2024-02-13 19:08:44,478 - INFO -  active window of user - Tag Someone on LinkedIn. - Google Chrome
2024-02-13 19:08:45,404 - INFO - screen shot 2 taken
2024-02-13 19:08:49,483 - INFO -  active window of user - Tag Someone on LinkedIn. - Google Chrome
2024-02-13 19:08:50,398 - INFO - screen shot 3 taken
2024-02-13 19:08:54,491 - INFO -  active window of user - Tag Someone on LinkedIn. - Google Chrome
2024-02-13 19:08:55,446 - INFO - screen shot 4 taken
2024-02-13 19:08:59,494 - INFO -  active window of user - Tag Someone on LinkedIn. - Google Chrome
2024-02-13 19:09:00,410 - INFO - screen shot 5 taken
2024-02-13 19:09:04,510 - INFO -  active window of user - Tag Someone on LinkedIn. - Google Chrome
2024-02-13 19:09:05,406 - INFO - screen shot 6 taken
2024-02-13 19:09:09,504 - INFO -  active window of user - Screen Shot
2024-02-13 19:09:10,700 - INFO - screen shot 7 taken
2024-02-13 19:10:00,400 - DEBUG - ################  Start of the program at - 2024-02-13 19:10:00.400943 ############################
2024-02-13 19:10:05,421 - INFO -  active window of user - winapi - Python: Get active tab url from google chrome - Stack Overflow - Google Chrome
2024-02-13 19:10:06,492 - INFO - screen shot 1 taken
2024-02-13 19:10:10,426 - INFO -  active window of user - winapi - Python: Get active tab url from google chrome - Stack Overflow - Google Chrome
2024-02-13 19:10:11,318 - INFO - screen shot 2 taken
2024-02-13 19:10:15,438 - INFO -  active window of user - winapi - Python: Get active tab url from google chrome - Stack Overflow - Google Chrome
2024-02-13 19:10:16,311 - INFO - screen shot 3 taken
2024-02-13 19:10:56,187 - DEBUG - ################  Start of the program at - 2024-02-13 19:10:56.187302 ############################
2024-02-13 19:11:07,481 - INFO - incoming URL------async and await in python
2024-02-13 19:11:07,484 - INFO -  active window of user - New Tab - Google Chrome
2024-02-13 19:11:08,506 - INFO - screen shot 1 taken
2024-02-13 19:11:14,696 - INFO - incoming URL------google.com/search?q=async+and+await+in+python&rlz=1C1GCEU_en-GBIN1094IN1095&oq=async+and+await+in+python&gs_lcrp=EgZjaHJvbWUyCQgAEEUYORiABDIICAEQABgWGB4yCAgCEAAYFhgeMggIAxAAGBYYHjIICAQQABgWGB4yCAgFEAAYFhgeMggIBhAAGBYYHjIICAcQABgWGB4yCAgIEAAYFhgeMggICRAAGBYYHtIBCDQ2NzRqMGo3qAIAsAIA&sourceid=chrome&ie=UTF-8
2024-02-13 19:11:14,701 - INFO -  active window of user - async and await in python - Google Search - Google Chrome
2024-02-13 19:11:16,361 - INFO - screen shot 2 taken
2024-02-13 19:11:22,004 - INFO - incoming URL------docs.python.org/3/library/asyncio.html
2024-02-13 19:11:22,004 - INFO -  active window of user - asyncio — Asynchronous I/O — Python 3.12.2 documentation - Google Chrome
2024-02-13 19:11:23,067 - INFO - screen shot 3 taken
2024-02-19 10:32:34,022 - DEBUG - ################  Start of the program at - 2024-02-19 10:32:34.022535 ############################
2024-02-19 10:32:58,235 - INFO - incoming URL------youtube.com/watch?v=Thg8iRTVpXo&list=PLbGui_ZYuhijTKyrlu-0g5GcP9nUp_HlN&index=9&t=251s
2024-02-19 10:34:00,866 - DEBUG - ################  Start of the program at - 2024-02-19 10:34:00.865423 ############################
2024-02-19 10:34:08,352 - INFO - incoming URL------youtube.com/watch?v=Thg8iRTVpXo&list=PLbGui_ZYuhijTKyrlu-0g5GcP9nUp_HlN&index=9&t=251s
2024-02-19 10:36:00,484 - DEBUG - ################  Start of the program at - 2024-02-19 10:36:00.484286 ############################
2024-02-19 10:40:24,070 - DEBUG - ################  Start of the program at - 2024-02-19 10:40:24.070372 ############################
2024-02-19 10:41:57,447 - DEBUG - ################  Start of the program at - 2024-02-19 10:41:57.447050 ############################
2024-02-19 10:52:18,765 - DEBUG - ################  Start of the program at - 2024-02-19 10:52:18.765296 ############################
2024-02-19 10:57:32,173 - DEBUG - ################  Start of the program at - 2024-02-19 10:57:32.173141 ############################
2024-02-19 11:00:02,907 - DEBUG - ################  Start of the program at - 2024-02-19 11:00:02.907046 ############################
2024-02-19 11:01:32,543 - DEBUG - ################  Start of the program at - 2024-02-19 11:01:32.543143 ############################
2024-02-19 11:02:44,009 - DEBUG - ################  Start of the program at - 2024-02-19 11:02:44.009230 ############################
2024-02-19 11:10:22,051 - DEBUG - ################  Start of the program at - 2024-02-19 11:10:22.051241 ############################
2024-02-19 11:14:47,226 - DEBUG - ################  Start of the program at - 2024-02-19 11:14:47.226315 ############################
2024-02-19 11:15:45,692 - DEBUG - ################  Start of the program at - 2024-02-19 11:15:45.692838 ############################
2024-02-19 11:15:54,070 - INFO - incoming URL------youtube.com/watch?v=Thg8iRTVpXo&list=PLbGui_ZYuhijTKyrlu-0g5GcP9nUp_HlN&index=9&t=251s
2024-02-19 11:16:18,417 - DEBUG - ################  Start of the program at - 2024-02-19 11:16:18.417497 ############################
2024-02-19 11:16:34,348 - INFO - incoming URL------youtube.com
2024-02-19 11:16:38,859 - INFO - incoming URL------
2024-02-19 11:16:44,092 - INFO - incoming URL------geek
2024-02-19 11:16:49,663 - INFO - incoming URL------search.brave.com/search?q=geek+for+geek&source=desktop
2024-02-19 11:16:53,918 - INFO - incoming URL------geeksforgeeks.org
2024-02-19 11:17:00,040 - INFO - incoming URL------geeksforgeeks.org
2024-02-19 11:18:07,103 - DEBUG - ################  Start of the program at - 2024-02-19 11:18:07.103197 ############################
2024-02-19 11:19:52,126 - DEBUG - ################  Start of the program at - 2024-02-19 11:19:52.126693 ############################
2024-02-19 11:20:53,294 - DEBUG - ################  Start of the program at - 2024-02-19 11:20:53.294718 ############################
2024-02-19 11:21:39,519 - DEBUG - ################  Start of the program at - 2024-02-19 11:21:39.519566 ############################
2024-02-19 11:21:57,839 - INFO - incoming URL------geeksforgeeks.org
2024-02-19 11:21:59,877 - INFO - incoming URL------
2024-02-19 11:22:30,014 - INFO - incoming URL------
2024-02-19 11:22:35,519 - INFO - incoming URL------
2024-02-19 11:22:48,105 - INFO - incoming URL------127.0.0.1:8000/ta/stucreate
2024-02-19 11:22:52,700 - INFO - incoming URL------127.0.0.1:8000/ta/stucreate
2024-02-19 11:23:50,595 - INFO - incoming URL------
2024-02-19 11:23:51,554 - INFO - incoming URL------
2024-02-19 11:23:56,062 - INFO - incoming URL------
2024-02-19 11:26:05,155 - DEBUG - ################  Start of the program at - 2024-02-19 11:26:05.155482 ############################
2024-02-19 11:54:45,471 - DEBUG - ################  Start of the program at - 2024-02-19 11:54:45.471684 ############################
2024-02-19 12:15:59,952 - DEBUG - ################  Start of the program at - 2024-02-19 12:15:59.952954 ############################
2024-02-19 12:16:29,533 - DEBUG - ################  Start of the program at - 2024-02-19 12:16:29.533675 ############################
2024-02-19 12:16:38,689 - DEBUG - ################  Start of the program at - 2024-02-19 12:16:38.688655 ############################
2024-02-19 12:17:11,321 - DEBUG - ################  Start of the program at - 2024-02-19 12:17:11.321885 ############################
2024-02-19 12:17:34,415 - DEBUG - ################  Start of the program at - 2024-02-19 12:17:34.415189 ############################
2024-02-19 12:21:03,786 - DEBUG - ################  Start of the program at - 2024-02-19 12:21:03.786133 ############################
2024-02-19 12:22:44,202 - DEBUG - ################  Start of the program at - 2024-02-19 12:22:44.202267 ############################
2024-02-19 12:46:41,343 - DEBUG - ################  Start of the program at - 2024-02-19 12:46:41.343314 ############################
2024-02-19 13:15:26,920 - DEBUG - ################  Start of the program at - 2024-02-19 13:15:26.920102 ############################
2024-02-19 13:24:21,022 - DEBUG - ################  Start of the program at - 2024-02-19 13:24:21.022710 ############################
2024-02-19 13:27:20,361 - DEBUG - ################  Start of the program at - 2024-02-19 13:27:20.361234 ############################
2024-02-19 13:27:26,079 - DEBUG - ################  Start of the program at - 2024-02-19 13:27:26.079321 ############################
2024-02-19 13:27:39,156 - DEBUG - ################  Start of the program at - 2024-02-19 13:27:39.156670 ############################
2024-02-19 13:29:21,871 - DEBUG - ################  Start of the program at - 2024-02-19 13:29:21.870480 ############################
2024-02-19 13:30:49,548 - DEBUG - ################  Start of the program at - 2024-02-19 13:30:49.548335 ############################
2024-02-19 13:31:25,254 - DEBUG - ################  Start of the program at - 2024-02-19 13:31:25.254366 ############################
2024-02-19 13:38:39,263 - DEBUG - ################  Start of the program at - 2024-02-19 13:38:39.263328 ############################
2024-02-19 13:39:58,424 - DEBUG - ################  Start of the program at - 2024-02-19 13:39:58.424202 ############################
2024-02-19 13:40:55,595 - DEBUG - ################  Start of the program at - 2024-02-19 13:40:55.595976 ############################
2024-02-19 13:41:45,924 - DEBUG - ################  Start of the program at - 2024-02-19 13:41:45.924559 ############################
2024-02-19 13:42:30,100 - DEBUG - ################  Start of the program at - 2024-02-19 13:42:30.100445 ############################
2024-02-19 13:43:01,747 - DEBUG - ################  Start of the program at - 2024-02-19 13:43:01.747901 ############################
2024-02-19 13:43:23,143 - DEBUG - ################  Start of the program at - 2024-02-19 13:43:23.143565 ############################
2024-02-19 13:44:58,626 - DEBUG - ################  Start of the program at - 2024-02-19 13:44:58.626947 ############################
2024-02-19 13:45:23,860 - DEBUG - ################  Start of the program at - 2024-02-19 13:45:23.860240 ############################
2024-02-19 13:45:46,437 - INFO - incoming URL------
2024-02-19 13:59:14,386 - DEBUG - ################  Start of the program at - 2024-02-19 13:59:14.386264 ############################
2024-02-19 14:00:20,723 - DEBUG - ################  Start of the program at - 2024-02-19 14:00:20.722313 ############################
2024-02-19 14:01:31,709 - DEBUG - ################  Start of the program at - 2024-02-19 14:01:31.709614 ############################
2024-02-19 14:01:48,974 - DEBUG - ################  Start of the program at - 2024-02-19 14:01:48.974823 ############################
2024-02-19 14:02:17,137 - DEBUG - ################  Start of the program at - 2024-02-19 14:02:17.137688 ############################
2024-02-19 14:03:55,887 - DEBUG - ################  Start of the program at - 2024-02-19 14:03:55.887188 ############################
2024-02-19 15:00:32,881 - DEBUG - ################  Start of the program at - 2024-02-19 15:00:32.881133 ############################
2024-02-19 15:05:27,399 - DEBUG - ################  Start of the program at - 2024-02-19 15:05:27.399660 ############################
2024-02-19 15:06:04,421 - DEBUG - ################  Start of the program at - 2024-02-19 15:06:04.421357 ############################
2024-02-19 15:06:52,694 - DEBUG - ################  Start of the program at - 2024-02-19 15:06:52.693598 ############################
2024-02-19 15:11:29,156 - DEBUG - ################  Start of the program at - 2024-02-19 15:11:29.156938 ############################
2024-02-19 15:12:13,009 - DEBUG - ################  Start of the program at - 2024-02-19 15:12:13.009276 ############################
2024-02-19 15:14:53,739 - DEBUG - ################  Start of the program at - 2024-02-19 15:14:53.739633 ############################
2024-02-19 15:15:23,985 - DEBUG - ################  Start of the program at - 2024-02-19 15:15:23.985558 ############################
2024-02-19 15:16:59,422 - DEBUG - ################  Start of the program at - 2024-02-19 15:16:59.422064 ############################
2024-02-19 15:19:05,892 - DEBUG - ################  Start of the program at - 2024-02-19 15:19:05.892123 ############################
2024-02-19 15:20:43,808 - DEBUG - ################  Start of the program at - 2024-02-19 15:20:43.808321 ############################
2024-02-19 15:35:01,027 - DEBUG - ################  Start of the program at - 2024-02-19 15:35:01.027319 ############################
2024-02-19 15:35:06,851 - INFO - incoming URL------learn.microsoft.com/en-us/windows/win32/controls/about-combo-boxes
2024-02-19 15:35:11,887 - INFO - incoming URL------learn.microsoft.com/en-us/windows/win32/controls/about-combo-boxes
2024-02-19 15:47:22,425 - DEBUG - ################  Start of the program at - 2024-02-19 15:47:22.425271 ############################
2024-02-19 15:48:02,091 - INFO - incoming URL------learn.microsoft.com/en-us/windows/win32/controls/about-combo-boxes
2024-02-19 15:48:03,549 - INFO - incoming URL------learn.microsoft.com/en-us/windows/win32/controls/about-combo-boxes
2024-02-19 15:51:28,005 - DEBUG - ################  Start of the program at - 2024-02-19 15:51:28.004640 ############################
2024-02-19 15:51:34,004 - INFO - incoming URL------learn.microsoft.com/en-us/windows/win32/controls/about-combo-boxes
2024-02-19 15:51:38,898 - INFO - incoming URL------learn.microsoft.com/en-us/windows/win32/controls/about-combo-boxes
2024-02-19 15:52:57,073 - DEBUG - ################  Start of the program at - 2024-02-19 15:52:57.073046 ############################
2024-02-19 15:58:39,647 - DEBUG - ################  Start of the program at - 2024-02-19 15:58:39.647568 ############################
2024-02-19 15:58:45,651 - INFO - incoming URL------learn.microsoft.com/en-us/windows/win32/controls/about-combo-boxes
2024-02-19 15:59:30,032 - DEBUG - ################  Start of the program at - 2024-02-19 15:59:30.032245 ############################
2024-02-19 16:02:32,823 - DEBUG - ################  Start of the program at - 2024-02-19 16:02:32.823766 ############################
2024-02-19 16:02:40,466 - INFO - incoming URL------notion.so/Django-short-notes-understanding-dec55ed375f944e5865127c6741c82fa
2024-02-19 16:02:44,676 - INFO - incoming URL------notion.so/Django-short-notes-understanding-dec55ed375f944e5865127c6741c82fa
2024-02-19 16:03:42,983 - DEBUG - ################  Start of the program at - 2024-02-19 16:03:42.983283 ############################
2024-02-19 16:11:14,832 - DEBUG - ################  Start of the program at - 2024-02-19 16:11:14.832467 ############################
2024-02-19 16:21:21,047 - DEBUG - ################  Start of the program at - 2024-02-19 16:21:21.047998 ############################
2024-02-19 16:21:57,442 - DEBUG - ################  Start of the program at - 2024-02-19 16:21:57.442586 ############################
2024-02-19 16:25:55,385 - DEBUG - ################  Start of the program at - 2024-02-19 16:25:55.385241 ############################
2024-02-19 16:29:02,549 - DEBUG - ################  Start of the program at - 2024-02-19 16:29:02.549324 ############################
2024-02-19 16:29:30,803 - DEBUG - ################  Start of the program at - 2024-02-19 16:29:30.803734 ############################
2024-02-19 16:29:38,075 - INFO - incoming URL------notion.so/Django-short-notes-understanding-dec55ed375f944e5865127c6741c82fa
2024-02-19 16:29:54,890 - DEBUG - ################  Start of the program at - 2024-02-19 16:29:54.890011 ############################
2024-02-19 16:30:00,280 - INFO - incoming URL------<pywinauto.application.WindowSpecification object at 0x0000027CB9705510>
2024-02-19 16:30:05,338 - INFO - incoming URL------<pywinauto.application.WindowSpecification object at 0x0000027CB9705CD0>
2024-02-19 16:34:13,994 - DEBUG - ################  Start of the program at - 2024-02-19 16:34:13.994994 ############################
2024-02-19 17:07:46,169 - DEBUG - ################  Start of the program at - 2024-02-19 17:07:46.169830 ############################
2024-02-19 17:09:04,791 - DEBUG - ################  Start of the program at - 2024-02-19 17:09:04.791954 ############################
2024-02-19 17:12:18,472 - DEBUG - ################  Start of the program at - 2024-02-19 17:12:18.472117 ############################
2024-02-19 17:16:26,027 - DEBUG - ################  Start of the program at - 2024-02-19 17:16:26.026097 ############################
2024-02-19 17:17:47,466 - DEBUG - ################  Start of the program at - 2024-02-19 17:17:47.466362 ############################
2024-02-19 17:18:38,859 - DEBUG - ################  Start of the program at - 2024-02-19 17:18:38.859478 ############################
2024-02-19 17:19:50,561 - DEBUG - ################  Start of the program at - 2024-02-19 17:19:50.561967 ############################
2024-02-19 17:26:37,597 - DEBUG - ################  Start of the program at - 2024-02-19 17:26:37.597732 ############################
2024-02-19 17:29:34,908 - DEBUG - ################  Start of the program at - 2024-02-19 17:29:34.908671 ############################
2024-02-19 17:30:08,940 - DEBUG - ################  Start of the program at - 2024-02-19 17:30:08.940957 ############################
2024-02-19 17:40:59,837 - DEBUG - ################  Start of the program at - 2024-02-19 17:40:59.837490 ############################
2024-02-19 17:41:09,892 - INFO -  active window of user - demo_ss4.log - Testing_wxpython - Visual Studio Code
2024-02-19 17:41:14,854 - INFO -  active window of user - demo_ss4.log - Testing_wxpython - Visual Studio Code
2024-02-19 17:41:34,866 - INFO -  active window of user - (1) WhatsApp - Google Chrome
2024-02-19 17:41:41,466 - INFO -  active window of user - WhatsApp - Google Chrome
2024-02-19 17:41:47,087 - INFO -  active window of user - demo_ss4.log - Testing_wxpython - Visual Studio Code
2024-02-19 17:44:58,852 - DEBUG - ################  Start of the program at - 2024-02-19 17:44:58.852134 ############################
2024-02-19 17:45:20,529 - INFO -  active window of user - demo_ss4.log - Testing_wxpython - Visual Studio Code
2024-02-19 17:46:12,393 - DEBUG - ################  Start of the program at - 2024-02-19 17:46:12.393544 ############################
2024-02-19 17:46:17,440 - INFO -  active window of user - Screen Shot
2024-02-19 17:46:22,438 - INFO -  active window of user - ss6Test.py - Testing_wxpython - Visual Studio Code
2024-02-19 17:46:25,981 - DEBUG - ################  Start of the program at - 2024-02-19 17:46:25.981746 ############################
2024-02-19 17:46:31,009 - INFO -  active window of user - ss6Test.py - Testing_wxpython - Visual Studio Code
2024-02-19 17:48:15,202 - DEBUG - ################  Start of the program at - 2024-02-19 17:48:15.202322 ############################
2024-02-19 17:48:20,229 - INFO -  active window of user - Mozilla Firefox Private Browsing
2024-02-19 17:48:25,246 - INFO -  active window of user - Mozilla Firefox Private Browsing
2024-02-19 17:48:30,269 - INFO -  active window of user - Mozilla Firefox Private Browsing
2024-02-19 18:15:09,086 - DEBUG - ################  Start of the program at - 2024-02-19 18:15:09.086741 ############################
2024-02-19 18:15:17,799 - INFO -  active window of user - ss6Test.py - Testing_wxpython - Visual Studio Code
2024-02-19 18:15:48,387 - DEBUG - ################  Start of the program at - 2024-02-19 18:15:48.386692 ############################
2024-02-19 18:32:25,343 - DEBUG - ################  Start of the program at - 2024-02-19 18:32:25.343653 ############################
2024-02-19 18:36:21,837 - DEBUG - ################  Start of the program at - 2024-02-19 18:36:21.837120 ############################
